                             Memory Type Usage Summary                              
┏━━━━━━━━━━━━━━━━━━━━━━━┳━━━━━━━━━━━━━━┳━━━━━━━━━━┳━━━━━━━━━━━━━━━━┳━━━━━━━━━━━━━━━┓
┃ Memory Type/Section   ┃ Used [bytes] ┃ Used [%] ┃ Remain [bytes] ┃ Total [bytes] ┃
┡━━━━━━━━━━━━━━━━━━━━━━━╇━━━━━━━━━━━━━━╇━━━━━━━━━━╇━━━━━━━━━━━━━━━━╇━━━━━━━━━━━━━━━┩
│ Flash Code            │       568038 │          │                │               │
│    .text              │       568038 │          │                │               │
│ Flash Data            │       105140 │          │                │               │
│    .rodata            │       104884 │          │                │               │
│    .appdesc           │          256 │          │                │               │
│ IRAM                  │        97843 │    74.65 │          33229 │        131072 │
│    .text              │        96815 │    73.86 │                │               │
│    .vectors           │         1028 │     0.78 │                │               │
│ DRAM                  │        32916 │    18.21 │         147820 │        180736 │
│    .bss               │        16712 │     9.25 │                │               │
│    .data              │        16204 │     8.97 │                │               │
│ RTC SLOW              │           56 │     0.68 │           8136 │          8192 │
│    .force_slow        │           32 │     0.39 │                │               │
│    .rtc_slow_reserved │           24 │     0.29 │                │               │
└───────────────────────┴──────────────┴──────────┴────────────────┴───────────────┘
/home/rafal/.espressif/python_env/idf5.5_py3.12_env/bin/python /home/rafal/dev/agh/iot/esp-sdk/esp-idf-v5.5.1/components/partition_table/gen_esp32part.py /home/rafal/dev/agh/iot/projects/HTTPClient1/build/partition_table/partition-table.bin
Total time taken to build the project: 2 542 ms